生成启动时间为 2017/8/4 10:43:50。
     1>项目“D:\projects\asset_process_proj\tools_proj\DnTable\DnTable\DnTable.vcxproj”在节点 2 上(build 个目标)。
     1>InitializeBuildStatus:
         正在创建“Release\Table.unsuccessfulbuild”，因为已指定“AlwaysCreate”。
       ClCompile:
         C:\Program Files (x86)\Microsoft Visual Studio 10.0\VC\bin\CL.exe /c /Zi /nologo /W3 /WX- /O2 /Oi /Oy- /GL /D WIN32 /D NDEBUG /D _WINDOWS /D _USRDLL /D DNTABLE_EXPORTS /D _WINDLL /D _UNICODE /D UNICODE /Gm- /EHsc /MD /GS /Gy /fp:precise /Zc:wchar_t /Zc:forScope /Fo"Release\\" /Fd"Release\vc100.pdb" /Gd /TP /analyze- /errorReport:prompt LibTable.cpp Main.cpp
         LibTable.cpp
         Main.cpp
       Link:
         C:\Program Files (x86)\Microsoft Visual Studio 10.0\VC\bin\link.exe /ERRORREPORT:PROMPT /OUT:"D:\projects\asset_process_proj\tools_proj\DnTable\Release\Table.dll" /INCREMENTAL:NO /NOLOGO kernel32.lib user32.lib gdi32.lib winspool.lib comdlg32.lib advapi32.lib shell32.lib ole32.lib oleaut32.lib uuid.lib odbc32.lib odbccp32.lib /MANIFEST /ManifestFile:"Release\Table.dll.intermediate.manifest" /MANIFESTUAC:"level='asInvoker' uiAccess='false'" /DEBUG /PDB:"D:\projects\asset_process_proj\tools_proj\DnTable\Release\Table.pdb" /SUBSYSTEM:WINDOWS /OPT:REF /OPT:ICF /LTCG /TLBID:1 /DYNAMICBASE /NXCOMPAT /IMPLIB:"D:\projects\asset_process_proj\tools_proj\DnTable\Release\Table.lib" /MACHINE:X86 /DLL Release\LibTable.obj
         Release\Main.obj
            正在创建库 D:\projects\asset_process_proj\tools_proj\DnTable\Release\Table.lib 和对象 D:\projects\asset_process_proj\tools_proj\DnTable\Release\Table.exp
         正在生成代码
         已完成代码的生成
         DnTable.vcxproj -> D:\projects\asset_process_proj\tools_proj\DnTable\Release\Table.dll
       Manifest:
         C:\Program Files (x86)\Microsoft SDKs\Windows\v7.0A\bin\mt.exe /nologo /verbose /outputresource:"D:\projects\asset_process_proj\tools_proj\DnTable\Release\Table.dll;#2" /manifest Release\Table.dll.intermediate.manifest
       FinalizeBuildStatus:
         正在删除文件“Release\Table.unsuccessfulbuild”。
         正在对“Release\Table.lastbuildstate”执行 Touch 任务。
     1>已完成生成项目“D:\projects\asset_process_proj\tools_proj\DnTable\DnTable\DnTable.vcxproj”(build 个目标)的操作。

生成成功。

已用时间 00:00:00.72
