d:\projects\dn_asset\tools_proj\xcpp\gamecore\x64\debug\vc140.pdb
d:\projects\dn_asset\tools_proj\xcpp\gamecore\x64\debug\vc140.idb
d:\projects\dn_asset\tools_proj\xcpp\gamecore\x64\debug\aibehaviour.obj
d:\projects\dn_asset\tools_proj\xcpp\gamecore\x64\debug\aifactory.obj
d:\projects\dn_asset\tools_proj\xcpp\gamecore\x64\debug\aiinterval.obj
d:\projects\dn_asset\tools_proj\xcpp\gamecore\x64\debug\aiselector.obj
d:\projects\dn_asset\tools_proj\xcpp\gamecore\x64\debug\aisequence.obj
d:\projects\dn_asset\tools_proj\xcpp\gamecore\x64\debug\aitree.obj
d:\projects\dn_asset\tools_proj\xcpp\gamecore\x64\debug\aitreedata.obj
d:\projects\dn_asset\tools_proj\xcpp\gamecore\x64\debug\common.obj
d:\projects\dn_asset\tools_proj\xcpp\gamecore\x64\debug\defaultequip.obj
d:\projects\dn_asset\tools_proj\xcpp\gamecore\x64\debug\equipsuit.obj
d:\projects\dn_asset\tools_proj\xcpp\gamecore\x64\debug\fashionlist.obj
d:\projects\dn_asset\tools_proj\xcpp\gamecore\x64\debug\fashionsuit.obj
d:\projects\dn_asset\tools_proj\xcpp\gamecore\x64\debug\log.obj
d:\projects\dn_asset\tools_proj\xcpp\gamecore\x64\debug\nativeinterface.obj
d:\projects\dn_asset\tools_proj\xcpp\gamecore\x64\debug\nativereader.obj
d:\projects\dn_asset\tools_proj\xcpp\gamecore\x64\debug\qtestatuslist.obj
d:\projects\dn_asset\tools_proj\xcpp\gamecore\x64\debug\scenelist.obj
d:\projects\dn_asset\tools_proj\xcpp\gamecore\x64\debug\xentitypresentation.obj
d:\projects\dn_asset\tools_proj\xcpp\gamecore\x64\debug\xentitystatistics.obj
d:\projects\dn_asset\tools_proj\xcpp\gamecore\x64\debug\xnpclist.obj
d:\projects\dn_asset\tools_proj\xcpp\gamecore\x64\debug\aibase.obj
d:\projects\dn_asset\tools_proj\xcpp\gamecore\x64\debug\patch.obj
d:\projects\dn_asset\tools_proj\xcpp\x64\debug\gamecore.lib
d:\projects\dn_asset\tools_proj\xcpp\x64\debug\gamecore.exp
d:\projects\dn_asset\tools_proj\xcpp\x64\debug\gamecore.pdb
d:\projects\dn_asset\tools_proj\xcpp\gamecore\x64\debug\gamecore.tlog\cl.command.1.tlog
d:\projects\dn_asset\tools_proj\xcpp\gamecore\x64\debug\gamecore.tlog\cl.read.1.tlog
d:\projects\dn_asset\tools_proj\xcpp\gamecore\x64\debug\gamecore.tlog\cl.write.1.tlog
d:\projects\dn_asset\tools_proj\xcpp\gamecore\x64\debug\gamecore.tlog\gamecore.write.1u.tlog
d:\projects\dn_asset\tools_proj\xcpp\gamecore\x64\debug\gamecore.tlog\link.5572-cvtres.read.1.tlog
d:\projects\dn_asset\tools_proj\xcpp\gamecore\x64\debug\gamecore.tlog\link.5572-cvtres.write.1.tlog
d:\projects\dn_asset\tools_proj\xcpp\gamecore\x64\debug\gamecore.tlog\link.5572-rc.read.1.tlog
d:\projects\dn_asset\tools_proj\xcpp\gamecore\x64\debug\gamecore.tlog\link.5572-rc.write.1.tlog
d:\projects\dn_asset\tools_proj\xcpp\gamecore\x64\debug\gamecore.tlog\link.5572.read.1.tlog
d:\projects\dn_asset\tools_proj\xcpp\gamecore\x64\debug\gamecore.tlog\link.5572.write.1.tlog
d:\projects\dn_asset\tools_proj\xcpp\gamecore\x64\debug\gamecore.tlog\link.command.1.tlog
d:\projects\dn_asset\tools_proj\xcpp\gamecore\x64\debug\gamecore.tlog\link.read.1.tlog
d:\projects\dn_asset\tools_proj\xcpp\gamecore\x64\debug\gamecore.tlog\link.write.1.tlog
