D:\projects\Asset_Process_Proj\tools_proj\DnTable\DnTable\x64\Release\cl.command.1.tlog
D:\projects\Asset_Process_Proj\tools_proj\DnTable\DnTable\x64\Release\CL.read.1.tlog
D:\projects\Asset_Process_Proj\tools_proj\DnTable\DnTable\x64\Release\CL.write.1.tlog
D:\PROJECTS\ASSET_PROCESS_PROJ\TOOLS_PROJ\DNTABLE\DNTABLE\X64\RELEASE\CSVREADER.OBJ
D:\projects\Asset_Process_Proj\tools_proj\DnTable\DnTable\x64\Release\DnTable.dll.intermediate.manifest
D:\projects\Asset_Process_Proj\tools_proj\DnTable\DnTable\x64\Release\DnTable.vcxprojResolveAssemblyReference.cache
D:\projects\Asset_Process_Proj\tools_proj\DnTable\DnTable\x64\Release\DnTable.write.1.tlog
D:\PROJECTS\ASSET_PROCESS_PROJ\TOOLS_PROJ\DNTABLE\DNTABLE\X64\RELEASE\EQUIPSUIT.OBJ
D:\PROJECTS\ASSET_PROCESS_PROJ\TOOLS_PROJ\DNTABLE\DNTABLE\X64\RELEASE\LIBTABLE.OBJ
D:\projects\Asset_Process_Proj\tools_proj\DnTable\DnTable\x64\Release\link.command.1.tlog
D:\projects\Asset_Process_Proj\tools_proj\DnTable\DnTable\x64\Release\link.read.1.tlog
D:\projects\Asset_Process_Proj\tools_proj\DnTable\DnTable\x64\Release\link.write.1.tlog
D:\PROJECTS\ASSET_PROCESS_PROJ\TOOLS_PROJ\DNTABLE\DNTABLE\X64\RELEASE\MAIN.OBJ
D:\projects\Asset_Process_Proj\tools_proj\DnTable\DnTable\x64\Release\mt.command.1.tlog
D:\projects\Asset_Process_Proj\tools_proj\DnTable\DnTable\x64\Release\mt.read.1.tlog
D:\projects\Asset_Process_Proj\tools_proj\DnTable\DnTable\x64\Release\mt.write.1.tlog
D:\PROJECTS\ASSET_PROCESS_PROJ\TOOLS_PROJ\DNTABLE\DNTABLE\X64\RELEASE\SVREADER.OBJ
D:\PROJECTS\ASSET_PROCESS_PROJ\TOOLS_PROJ\DNTABLE\DNTABLE\X64\RELEASE\TABLE.DLL.INTERMEDIATE.MANIFEST
D:\projects\Asset_Process_Proj\tools_proj\DnTable\DnTable\x64\Release\Table.write.1.tlog
D:\PROJECTS\ASSET_PROCESS_PROJ\TOOLS_PROJ\DNTABLE\DNTABLE\X64\RELEASE\VC100.PDB
D:\PROJECTS\ASSET_PROCESS_PROJ\TOOLS_PROJ\DNTABLE\X64\RELEASE\DNTABLE.DLL
D:\projects\asset_process_proj\tools_proj\DnTable\x64\Release\DnTable.exp
D:\projects\asset_process_proj\tools_proj\DnTable\x64\Release\DnTable.lib
D:\PROJECTS\ASSET_PROCESS_PROJ\TOOLS_PROJ\DNTABLE\X64\RELEASE\TABLE.DLL
D:\projects\Asset_Process_Proj\tools_proj\DNTable\x64\Release\Table.exp
D:\projects\Asset_Process_Proj\tools_proj\DNTable\x64\Release\Table.lib
D:\PROJECTS\ASSET_PROCESS_PROJ\TOOLS_PROJ\DNTABLE\X64\RELEASE\TABLE.PDB
