d:\projects\dn_asset\tools_proj\xcpp\gamecore\debug\vc140.pdb
d:\projects\dn_asset\tools_proj\xcpp\gamecore\debug\vc140.idb
d:\projects\dn_asset\tools_proj\xcpp\gamecore\debug\aibehaviour.obj
d:\projects\dn_asset\tools_proj\xcpp\gamecore\debug\aifactory.obj
d:\projects\dn_asset\tools_proj\xcpp\gamecore\debug\aiinterval.obj
d:\projects\dn_asset\tools_proj\xcpp\gamecore\debug\aiselector.obj
d:\projects\dn_asset\tools_proj\xcpp\gamecore\debug\aisequence.obj
d:\projects\dn_asset\tools_proj\xcpp\gamecore\debug\aitree.obj
d:\projects\dn_asset\tools_proj\xcpp\gamecore\debug\aitreedata.obj
d:\projects\dn_asset\tools_proj\xcpp\gamecore\debug\common.obj
d:\projects\dn_asset\tools_proj\xcpp\gamecore\debug\defaultequip.obj
d:\projects\dn_asset\tools_proj\xcpp\gamecore\debug\equipsuit.obj
d:\projects\dn_asset\tools_proj\xcpp\gamecore\debug\fashionlist.obj
d:\projects\dn_asset\tools_proj\xcpp\gamecore\debug\fashionsuit.obj
d:\projects\dn_asset\tools_proj\xcpp\gamecore\debug\log.obj
d:\projects\dn_asset\tools_proj\xcpp\gamecore\debug\nativeinterface.obj
d:\projects\dn_asset\tools_proj\xcpp\gamecore\debug\nativereader.obj
d:\projects\dn_asset\tools_proj\xcpp\gamecore\debug\qtestatuslist.obj
d:\projects\dn_asset\tools_proj\xcpp\gamecore\debug\scenelist.obj
d:\projects\dn_asset\tools_proj\xcpp\gamecore\debug\xentitypresentation.obj
d:\projects\dn_asset\tools_proj\xcpp\gamecore\debug\xentitystatistics.obj
d:\projects\dn_asset\tools_proj\xcpp\gamecore\debug\xnpclist.obj
d:\projects\dn_asset\tools_proj\xcpp\gamecore\debug\aibase.obj
d:\projects\dn_asset\tools_proj\xcpp\gamecore\debug\patch.obj
d:\projects\dn_asset\tools_proj\xcpp\debug\gamecore.lib
d:\projects\dn_asset\tools_proj\xcpp\debug\gamecore.exp
d:\projects\dn_asset\tools_proj\xcpp\debug\gamecore.ilk
d:\projects\dn_asset\tools_proj\xcpp\debug\gamecore.dll
d:\projects\dn_asset\tools_proj\xcpp\debug\gamecore.pdb
d:\projects\dn_asset\tools_proj\xcpp\gamecore\debug\gamecore.tlog\cl.command.1.tlog
d:\projects\dn_asset\tools_proj\xcpp\gamecore\debug\gamecore.tlog\cl.read.1.tlog
d:\projects\dn_asset\tools_proj\xcpp\gamecore\debug\gamecore.tlog\cl.write.1.tlog
d:\projects\dn_asset\tools_proj\xcpp\gamecore\debug\gamecore.tlog\gamecore.write.1u.tlog
d:\projects\dn_asset\tools_proj\xcpp\gamecore\debug\gamecore.tlog\link.command.1.tlog
d:\projects\dn_asset\tools_proj\xcpp\gamecore\debug\gamecore.tlog\link.read.1.tlog
d:\projects\dn_asset\tools_proj\xcpp\gamecore\debug\gamecore.tlog\link.write.1.tlog
