生成启动时间为 2017/7/31 15:39:31。
     1>项目“D:\projects\asset_process_proj\tools_proj\DnTable\DnTable\DnTable.vcxproj”在节点 2 上(build 个目标)。
     1>InitializeBuildStatus:
         正在创建“x64\Debug\DnTable.unsuccessfulbuild”，因为已指定“AlwaysCreate”。
       ClCompile:
         C:\Program Files (x86)\Microsoft Visual Studio 10.0\VC\bin\x86_amd64\CL.exe /c /Zi /nologo /W3 /WX- /Od /D WIN32 /D _DEBUG /D _WINDOWS /D _USRDLL /D DNTABLE_EXPORTS /D _WINDLL /D _UNICODE /D UNICODE /Gm /EHsc /RTC1 /MDd /GS /fp:precise /Zc:wchar_t /Zc:forScope /Fo"x64\Debug\\" /Fd"x64\Debug\vc100.pdb" /Gd /TP /errorReport:prompt Main.cpp
         Main.cpp
       ManifestResourceCompile:
         所有输出均为最新。
       Link:
         C:\Program Files (x86)\Microsoft Visual Studio 10.0\VC\bin\x86_amd64\link.exe /ERRORREPORT:PROMPT /OUT:"D:\projects\asset_process_proj\tools_proj\DnTable\x64\Debug\DnTable.dll" /INCREMENTAL /NOLOGO kernel32.lib user32.lib gdi32.lib winspool.lib comdlg32.lib advapi32.lib shell32.lib ole32.lib oleaut32.lib uuid.lib odbc32.lib odbccp32.lib /MANIFEST /ManifestFile:"x64\Debug\DnTable.dll.intermediate.manifest" /MANIFESTUAC:"level='asInvoker' uiAccess='false'" /DEBUG /PDB:"D:\projects\asset_process_proj\tools_proj\DnTable\x64\Debug\DnTable.pdb" /SUBSYSTEM:WINDOWS /TLBID:1 /NOENTRY /DYNAMICBASE /NXCOMPAT /IMPLIB:"D:\projects\asset_process_proj\tools_proj\DnTable\x64\Debug\DnTable.lib" /MACHINE:X64 /DLL x64\Debug\DnTable.dll.embed.manifest.res
         x64\Debug\LibTable.obj
         x64\Debug\Main.obj
            正在创建库 D:\projects\asset_process_proj\tools_proj\DnTable\x64\Debug\DnTable.lib 和对象 D:\projects\asset_process_proj\tools_proj\DnTable\x64\Debug\DnTable.exp
         DnTable.vcxproj -> D:\projects\asset_process_proj\tools_proj\DnTable\x64\Debug\DnTable.dll
       Manifest:
         C:\Program Files (x86)\Microsoft SDKs\Windows\v7.0A\bin\mt.exe /nologo /verbose /out:"x64\Debug\DnTable.dll.embed.manifest" /manifest x64\Debug\DnTable.dll.intermediate.manifest
         所有输出均为最新。
       LinkEmbedManifest:
         所有输出均为最新。
         DnTable.vcxproj -> D:\projects\asset_process_proj\tools_proj\DnTable\x64\Debug\DnTable.dll
       FinalizeBuildStatus:
         正在删除文件“x64\Debug\DnTable.unsuccessfulbuild”。
         正在对“x64\Debug\DnTable.lastbuildstate”执行 Touch 任务。
     1>已完成生成项目“D:\projects\asset_process_proj\tools_proj\DnTable\DnTable\DnTable.vcxproj”(build 个目标)的操作。

生成成功。

已用时间 00:00:00.29
