D:\projects\Asset_Process_Proj\tools_proj\DnTable\Debug\DnTable.exp
D:\projects\Asset_Process_Proj\tools_proj\DnTable\Debug\DnTable.lib
D:\projects\Asset_Process_Proj\tools_proj\DnTable\Debug\DnTable.pdb
D:\projects\Asset_Process_Proj\tools_proj\DnTable\DnTable\Debug\cl.command.1.tlog
D:\projects\Asset_Process_Proj\tools_proj\DnTable\DnTable\Debug\CL.read.1.tlog
D:\projects\Asset_Process_Proj\tools_proj\DnTable\DnTable\Debug\CL.write.1.tlog
D:\PROJECTS\ASSET_PROCESS_PROJ\TOOLS_PROJ\DNTABLE\DNTABLE\DEBUG\DNTABLE.DLL.EMBED.MANIFEST
D:\PROJECTS\ASSET_PROCESS_PROJ\TOOLS_PROJ\DNTABLE\DNTABLE\DEBUG\DNTABLE.DLL.EMBED.MANIFEST.RES
D:\projects\Asset_Process_Proj\tools_proj\DnTable\DnTable\Debug\DnTable.dll.intermediate.manifest
D:\projects\Asset_Process_Proj\tools_proj\DnTable\DnTable\Debug\DnTable.write.1.tlog
D:\projects\Asset_Process_Proj\tools_proj\DnTable\DnTable\Debug\DnTable_manifest.rc
D:\PROJECTS\ASSET_PROCESS_PROJ\TOOLS_PROJ\DNTABLE\DNTABLE\DEBUG\LIBTABLE.OBJ
D:\projects\Asset_Process_Proj\tools_proj\DnTable\DnTable\Debug\link.1076.read.1.tlog
D:\projects\Asset_Process_Proj\tools_proj\DnTable\DnTable\Debug\link.1076.write.1.tlog
D:\projects\Asset_Process_Proj\tools_proj\DnTable\DnTable\Debug\link.1076-cvtres.read.1.tlog
D:\projects\Asset_Process_Proj\tools_proj\DnTable\DnTable\Debug\link.1076-cvtres.write.1.tlog
D:\projects\Asset_Process_Proj\tools_proj\DnTable\DnTable\Debug\link.2688.read.1.tlog
D:\projects\Asset_Process_Proj\tools_proj\DnTable\DnTable\Debug\link.2688.write.1.tlog
D:\projects\Asset_Process_Proj\tools_proj\DnTable\DnTable\Debug\link.2688-cvtres.read.1.tlog
D:\projects\Asset_Process_Proj\tools_proj\DnTable\DnTable\Debug\link.2688-cvtres.write.1.tlog
D:\projects\Asset_Process_Proj\tools_proj\DnTable\DnTable\Debug\link.command.1.tlog
D:\projects\Asset_Process_Proj\tools_proj\DnTable\DnTable\Debug\link.read.1.tlog
D:\projects\Asset_Process_Proj\tools_proj\DnTable\DnTable\Debug\link.write.1.tlog
D:\projects\Asset_Process_Proj\tools_proj\DnTable\DnTable\Debug\link-cvtres.read.1.tlog
D:\projects\Asset_Process_Proj\tools_proj\DnTable\DnTable\Debug\link-cvtres.write.1.tlog
D:\PROJECTS\ASSET_PROCESS_PROJ\TOOLS_PROJ\DNTABLE\DNTABLE\DEBUG\MAIN.OBJ
D:\projects\Asset_Process_Proj\tools_proj\DnTable\DnTable\Debug\mt.command.1.tlog
D:\projects\Asset_Process_Proj\tools_proj\DnTable\DnTable\Debug\mt.read.1.tlog
D:\projects\Asset_Process_Proj\tools_proj\DnTable\DnTable\Debug\mt.write.1.tlog
D:\projects\Asset_Process_Proj\tools_proj\DnTable\DnTable\Debug\rc.command.1.tlog
D:\projects\Asset_Process_Proj\tools_proj\DnTable\DnTable\Debug\rc.read.1.tlog
D:\projects\Asset_Process_Proj\tools_proj\DnTable\DnTable\Debug\rc.write.1.tlog
D:\projects\Asset_Process_Proj\tools_proj\DnTable\DnTable\Debug\vc100.idb
D:\PROJECTS\ASSET_PROCESS_PROJ\TOOLS_PROJ\DNTABLE\DNTABLE\DEBUG\VC100.PDB
